<?xml version="1.0" encoding="UTF-8"?>
<!-- Generated by org.testng.reporters.JUnitXMLReporter -->
<testsuite ignored="0" hostname="DESKTOP-KF60RUM" failures="1" tests="2" name="Test" time="29.744" errors="0" timestamp="2022-10-08T11:01:40 IST">
  <testcase classname="com.crm.Organization.CreateOrganizationTest" name="createOrganisation" time="6.363">
    <failure type="java.lang.AssertionError" message="expected [false] but found [true]">
      <![CDATA[java.lang.AssertionError: expected [false] but found [true]
at com.crm.Organization.CreateOrganizationTest.createOrganisation(CreateOrganizationTest.java:59)
at java.base/java.util.ArrayList.forEach(ArrayList.java:1511)
... Removed 33 stack frames]]>
    </failure>
  </testcase> <!-- createOrganisation -->
  <testcase classname="com.crm.Organization.CreateOrganizationTest" name="modifyOrganisation" time="0.003"/>
</testsuite> <!-- Test -->
